2020-01-06 00:27:00,945 INFO 4184 [egg-schedule]: register schedule F:\project\Shopping\server\node_modules\_egg-multipart@2.10.1@egg-multipart\app\schedule\clean_tmpdir.js
2020-01-06 00:27:00,945 INFO 4184 [egg-schedule]: register schedule F:\project\Shopping\server\node_modules\_egg-logrotator@3.1.0@egg-logrotator\app\schedule\clean_log.js
2020-01-06 00:27:00,945 INFO 4184 [egg-schedule]: register schedule F:\project\Shopping\server\node_modules\_egg-logrotator@3.1.0@egg-logrotator\app\schedule\rotate_by_file.js
2020-01-06 00:27:02,711 INFO 12404 [egg-schedule]: register schedule F:\project\Shopping\server\node_modules\_egg-multipart@2.10.1@egg-multipart\app\schedule\clean_tmpdir.js
2020-01-06 00:27:02,711 INFO 12404 [egg-schedule]: register schedule F:\project\Shopping\server\node_modules\_egg-logrotator@3.1.0@egg-logrotator\app\schedule\clean_log.js
2020-01-06 00:27:02,711 INFO 12404 [egg-schedule]: register schedule F:\project\Shopping\server\node_modules\_egg-logrotator@3.1.0@egg-logrotator\app\schedule\rotate_by_file.js
2020-01-06 08:15:47,610 INFO 3028 [egg-schedule]: register schedule E:\project\shop\server\node_modules\_egg-multipart@2.10.1@egg-multipart\app\schedule\clean_tmpdir.js
2020-01-06 08:15:47,610 INFO 3028 [egg-schedule]: register schedule E:\project\shop\server\node_modules\_egg-logrotator@3.1.0@egg-logrotator\app\schedule\clean_log.js
2020-01-06 08:15:47,610 INFO 3028 [egg-schedule]: register schedule E:\project\shop\server\node_modules\_egg-logrotator@3.1.0@egg-logrotator\app\schedule\rotate_by_file.js
2020-01-06 08:16:00,515 INFO 7376 [Timer] E:\project\shop\server\node_modules\_egg-multipart@2.10.1@egg-multipart\app\schedule\clean_tmpdir.js next time will execute after 72839489ms at 2020-01-07 04:30:00.004
2020-01-06 08:16:00,515 INFO 7376 [Timer] E:\project\shop\server\node_modules\_egg-logrotator@3.1.0@egg-logrotator\app\schedule\clean_log.js next time will execute after 56639485ms at 2020-01-07 00:00:00.000
2020-01-06 08:16:00,516 INFO 7376 [Timer] E:\project\shop\server\node_modules\_egg-logrotator@3.1.0@egg-logrotator\app\schedule\rotate_by_file.js next time will execute after 56640484ms at 2020-01-07 00:00:01.000
2020-01-06 20:39:09,284 INFO 12420 [egg-schedule]: register schedule F:\project\Shopping\server\node_modules\_egg-multipart@2.10.1@egg-multipart\app\schedule\clean_tmpdir.js
2020-01-06 20:39:09,284 INFO 12420 [egg-schedule]: register schedule F:\project\Shopping\server\node_modules\_egg-logrotator@3.1.0@egg-logrotator\app\schedule\clean_log.js
2020-01-06 20:39:09,284 INFO 12420 [egg-schedule]: register schedule F:\project\Shopping\server\node_modules\_egg-logrotator@3.1.0@egg-logrotator\app\schedule\rotate_by_file.js
2020-01-06 20:39:09,564 INFO 14412 [egg-schedule]: register schedule F:\project\Shopping\server\node_modules\_egg-multipart@2.10.1@egg-multipart\app\schedule\clean_tmpdir.js
2020-01-06 20:39:09,564 INFO 14412 [egg-schedule]: register schedule F:\project\Shopping\server\node_modules\_egg-logrotator@3.1.0@egg-logrotator\app\schedule\clean_log.js
2020-01-06 20:39:09,564 INFO 14412 [egg-schedule]: register schedule F:\project\Shopping\server\node_modules\_egg-logrotator@3.1.0@egg-logrotator\app\schedule\rotate_by_file.js
2020-01-06 20:39:35,237 INFO 1020 [Timer] F:\project\Shopping\server\node_modules\_egg-multipart@2.10.1@egg-multipart\app\schedule\clean_tmpdir.js next time will execute after 28224765ms at 2020-01-07 04:30:00.002
2020-01-06 20:39:35,237 INFO 1020 [Timer] F:\project\Shopping\server\node_modules\_egg-logrotator@3.1.0@egg-logrotator\app\schedule\clean_log.js next time will execute after 12024763ms at 2020-01-07 00:00:00.000
2020-01-06 20:39:35,237 INFO 1020 [Timer] F:\project\Shopping\server\node_modules\_egg-logrotator@3.1.0@egg-logrotator\app\schedule\rotate_by_file.js next time will execute after 12025763ms at 2020-01-07 00:00:01.000
2020-01-06 20:39:36,086 INFO 15048 [egg-schedule]: register schedule F:\project\Shopping\server\node_modules\_egg-multipart@2.10.1@egg-multipart\app\schedule\clean_tmpdir.js
2020-01-06 20:39:36,086 INFO 15048 [egg-schedule]: register schedule F:\project\Shopping\server\node_modules\_egg-logrotator@3.1.0@egg-logrotator\app\schedule\clean_log.js
2020-01-06 20:39:36,086 INFO 15048 [egg-schedule]: register schedule F:\project\Shopping\server\node_modules\_egg-logrotator@3.1.0@egg-logrotator\app\schedule\rotate_by_file.js
2020-01-06 20:39:37,433 INFO 15176 [egg-schedule]: register schedule F:\project\Shopping\server\node_modules\_egg-multipart@2.10.1@egg-multipart\app\schedule\clean_tmpdir.js
2020-01-06 20:39:37,433 INFO 15176 [egg-schedule]: register schedule F:\project\Shopping\server\node_modules\_egg-logrotator@3.1.0@egg-logrotator\app\schedule\clean_log.js
2020-01-06 20:39:37,433 INFO 15176 [egg-schedule]: register schedule F:\project\Shopping\server\node_modules\_egg-logrotator@3.1.0@egg-logrotator\app\schedule\rotate_by_file.js
2020-01-07 08:22:08,760 INFO 6932 [egg-schedule]: register schedule E:\project\shop\server\node_modules\_egg-multipart@2.10.1@egg-multipart\app\schedule\clean_tmpdir.js
2020-01-07 08:22:08,760 INFO 6932 [egg-schedule]: register schedule E:\project\shop\server\node_modules\_egg-logrotator@3.1.0@egg-logrotator\app\schedule\clean_log.js
2020-01-07 08:22:08,760 INFO 6932 [egg-schedule]: register schedule E:\project\shop\server\node_modules\_egg-logrotator@3.1.0@egg-logrotator\app\schedule\rotate_by_file.js
2020-01-07 08:22:16,362 INFO 6812 [Timer] E:\project\shop\server\node_modules\_egg-multipart@2.10.1@egg-multipart\app\schedule\clean_tmpdir.js next time will execute after 72463642ms at 2020-01-08 04:30:00.004
2020-01-07 08:22:16,362 INFO 6812 [Timer] E:\project\shop\server\node_modules\_egg-logrotator@3.1.0@egg-logrotator\app\schedule\clean_log.js next time will execute after 56263638ms at 2020-01-08 00:00:00.000
2020-01-07 08:22:16,363 INFO 6812 [Timer] E:\project\shop\server\node_modules\_egg-logrotator@3.1.0@egg-logrotator\app\schedule\rotate_by_file.js next time will execute after 56264637ms at 2020-01-08 00:00:01.000
2020-01-07 21:46:24,043 INFO 2248 [egg-schedule]: register schedule F:\project\Shopping\server\node_modules\_egg-multipart@2.10.1@egg-multipart\app\schedule\clean_tmpdir.js
2020-01-07 21:46:24,043 INFO 2248 [egg-schedule]: register schedule F:\project\Shopping\server\node_modules\_egg-logrotator@3.1.0@egg-logrotator\app\schedule\clean_log.js
2020-01-07 21:46:24,043 INFO 2248 [egg-schedule]: register schedule F:\project\Shopping\server\node_modules\_egg-logrotator@3.1.0@egg-logrotator\app\schedule\rotate_by_file.js
2020-01-07 21:46:24,634 INFO 14844 [Timer] F:\project\Shopping\server\node_modules\_egg-multipart@2.10.1@egg-multipart\app\schedule\clean_tmpdir.js next time will execute after 24215367ms at 2020-01-08 04:30:00.001
2020-01-07 21:46:24,635 INFO 14844 [Timer] F:\project\Shopping\server\node_modules\_egg-logrotator@3.1.0@egg-logrotator\app\schedule\clean_log.js next time will execute after 8015366ms at 2020-01-08 00:00:00.001
2020-01-07 21:46:24,635 INFO 14844 [Timer] F:\project\Shopping\server\node_modules\_egg-logrotator@3.1.0@egg-logrotator\app\schedule\rotate_by_file.js next time will execute after 8016365ms at 2020-01-08 00:00:01.000
2020-01-07 21:46:25,067 INFO 7372 [egg-schedule]: register schedule F:\project\Shopping\server\node_modules\_egg-multipart@2.10.1@egg-multipart\app\schedule\clean_tmpdir.js
2020-01-07 21:46:25,067 INFO 7372 [egg-schedule]: register schedule F:\project\Shopping\server\node_modules\_egg-logrotator@3.1.0@egg-logrotator\app\schedule\clean_log.js
2020-01-07 21:46:25,067 INFO 7372 [egg-schedule]: register schedule F:\project\Shopping\server\node_modules\_egg-logrotator@3.1.0@egg-logrotator\app\schedule\rotate_by_file.js
2020-01-07 21:46:26,345 INFO 9656 [egg-schedule]: register schedule F:\project\Shopping\server\node_modules\_egg-multipart@2.10.1@egg-multipart\app\schedule\clean_tmpdir.js
2020-01-07 21:46:26,345 INFO 9656 [egg-schedule]: register schedule F:\project\Shopping\server\node_modules\_egg-logrotator@3.1.0@egg-logrotator\app\schedule\clean_log.js
2020-01-07 21:46:26,345 INFO 9656 [egg-schedule]: register schedule F:\project\Shopping\server\node_modules\_egg-logrotator@3.1.0@egg-logrotator\app\schedule\rotate_by_file.js
2020-01-08 08:26:22,968 INFO 5040 [egg-schedule]: register schedule E:\project\shop\server\node_modules\_egg-multipart@2.10.1@egg-multipart\app\schedule\clean_tmpdir.js
2020-01-08 08:26:22,968 INFO 5040 [egg-schedule]: register schedule E:\project\shop\server\node_modules\_egg-logrotator@3.1.0@egg-logrotator\app\schedule\clean_log.js
2020-01-08 08:26:22,968 INFO 5040 [egg-schedule]: register schedule E:\project\shop\server\node_modules\_egg-logrotator@3.1.0@egg-logrotator\app\schedule\rotate_by_file.js
2020-01-08 08:26:26,685 INFO 1048 [Timer] E:\project\shop\server\node_modules\_egg-multipart@2.10.1@egg-multipart\app\schedule\clean_tmpdir.js next time will execute after 72213318ms at 2020-01-09 04:30:00.003
2020-01-08 08:26:26,686 INFO 1048 [Timer] E:\project\shop\server\node_modules\_egg-logrotator@3.1.0@egg-logrotator\app\schedule\clean_log.js next time will execute after 56013314ms at 2020-01-09 00:00:00.000
2020-01-08 08:26:26,687 INFO 1048 [Timer] E:\project\shop\server\node_modules\_egg-logrotator@3.1.0@egg-logrotator\app\schedule\rotate_by_file.js next time will execute after 56014314ms at 2020-01-09 00:00:01.001
2020-01-08 19:39:11,611 INFO 9780 [egg-schedule]: register schedule F:\project\Shopping\server\node_modules\_egg-multipart@2.10.1@egg-multipart\app\schedule\clean_tmpdir.js
2020-01-08 19:39:11,611 INFO 9780 [egg-schedule]: register schedule F:\project\Shopping\server\node_modules\_egg-logrotator@3.1.0@egg-logrotator\app\schedule\clean_log.js
2020-01-08 19:39:11,611 INFO 9780 [egg-schedule]: register schedule F:\project\Shopping\server\node_modules\_egg-logrotator@3.1.0@egg-logrotator\app\schedule\rotate_by_file.js
2020-01-08 19:39:11,187 INFO 10916 [egg-schedule]: register schedule F:\project\Shopping\server\node_modules\_egg-multipart@2.10.1@egg-multipart\app\schedule\clean_tmpdir.js
2020-01-08 19:39:11,187 INFO 10916 [egg-schedule]: register schedule F:\project\Shopping\server\node_modules\_egg-logrotator@3.1.0@egg-logrotator\app\schedule\clean_log.js
2020-01-08 19:39:11,187 INFO 10916 [egg-schedule]: register schedule F:\project\Shopping\server\node_modules\_egg-logrotator@3.1.0@egg-logrotator\app\schedule\rotate_by_file.js
2020-01-08 19:39:22,421 INFO 2604 [Timer] F:\project\Shopping\server\node_modules\_egg-multipart@2.10.1@egg-multipart\app\schedule\clean_tmpdir.js next time will execute after 31837581ms at 2020-01-09 04:30:00.002
2020-01-08 19:39:22,421 INFO 2604 [Timer] F:\project\Shopping\server\node_modules\_egg-logrotator@3.1.0@egg-logrotator\app\schedule\clean_log.js next time will execute after 15637579ms at 2020-01-09 00:00:00.000
2020-01-08 19:39:22,421 INFO 2604 [Timer] F:\project\Shopping\server\node_modules\_egg-logrotator@3.1.0@egg-logrotator\app\schedule\rotate_by_file.js next time will execute after 15638579ms at 2020-01-09 00:00:01.000
2020-01-08 19:39:23,182 INFO 15380 [egg-schedule]: register schedule F:\project\Shopping\server\node_modules\_egg-multipart@2.10.1@egg-multipart\app\schedule\clean_tmpdir.js
2020-01-08 19:39:23,182 INFO 15380 [egg-schedule]: register schedule F:\project\Shopping\server\node_modules\_egg-logrotator@3.1.0@egg-logrotator\app\schedule\clean_log.js
2020-01-08 19:39:23,182 INFO 15380 [egg-schedule]: register schedule F:\project\Shopping\server\node_modules\_egg-logrotator@3.1.0@egg-logrotator\app\schedule\rotate_by_file.js
2020-01-08 19:39:24,667 INFO 11628 [egg-schedule]: register schedule F:\project\Shopping\server\node_modules\_egg-multipart@2.10.1@egg-multipart\app\schedule\clean_tmpdir.js
2020-01-08 19:39:24,667 INFO 11628 [egg-schedule]: register schedule F:\project\Shopping\server\node_modules\_egg-logrotator@3.1.0@egg-logrotator\app\schedule\clean_log.js
2020-01-08 19:39:24,667 INFO 11628 [egg-schedule]: register schedule F:\project\Shopping\server\node_modules\_egg-logrotator@3.1.0@egg-logrotator\app\schedule\rotate_by_file.js
2020-01-09 08:11:45,251 INFO 2632 [egg-schedule]: register schedule E:\project\shop\server\node_modules\_egg-multipart@2.10.1@egg-multipart\app\schedule\clean_tmpdir.js
2020-01-09 08:11:45,251 INFO 2632 [egg-schedule]: register schedule E:\project\shop\server\node_modules\_egg-logrotator@3.1.0@egg-logrotator\app\schedule\clean_log.js
2020-01-09 08:11:45,251 INFO 2632 [egg-schedule]: register schedule E:\project\shop\server\node_modules\_egg-logrotator@3.1.0@egg-logrotator\app\schedule\rotate_by_file.js
2020-01-09 08:11:51,466 INFO 9400 [Timer] E:\project\shop\server\node_modules\_egg-multipart@2.10.1@egg-multipart\app\schedule\clean_tmpdir.js next time will execute after 73088540ms at 2020-01-10 04:30:00.006
2020-01-09 08:11:51,467 INFO 9400 [Timer] E:\project\shop\server\node_modules\_egg-logrotator@3.1.0@egg-logrotator\app\schedule\clean_log.js next time will execute after 56888534ms at 2020-01-10 00:00:00.001
2020-01-09 08:11:51,468 INFO 9400 [Timer] E:\project\shop\server\node_modules\_egg-logrotator@3.1.0@egg-logrotator\app\schedule\rotate_by_file.js next time will execute after 56889533ms at 2020-01-10 00:00:01.001
2020-01-09 15:24:31,648 INFO 8204 [egg-schedule]: register schedule E:\project\finish\shop\server\node_modules\_egg-multipart@2.10.1@egg-multipart\app\schedule\clean_tmpdir.js
2020-01-09 15:24:31,648 INFO 8204 [egg-schedule]: register schedule E:\project\finish\shop\server\node_modules\_egg-logrotator@3.1.0@egg-logrotator\app\schedule\clean_log.js
2020-01-09 15:24:31,648 INFO 8204 [egg-schedule]: register schedule E:\project\finish\shop\server\node_modules\_egg-logrotator@3.1.0@egg-logrotator\app\schedule\rotate_by_file.js
2020-01-09 15:24:32,607 INFO 6360 [Timer] E:\project\finish\shop\server\node_modules\_egg-multipart@2.10.1@egg-multipart\app\schedule\clean_tmpdir.js next time will execute after 47127395ms at 2020-01-10 04:30:00.002
2020-01-09 15:24:32,608 INFO 6360 [Timer] E:\project\finish\shop\server\node_modules\_egg-logrotator@3.1.0@egg-logrotator\app\schedule\clean_log.js next time will execute after 30927393ms at 2020-01-10 00:00:00.001
2020-01-09 15:24:32,608 INFO 6360 [Timer] E:\project\finish\shop\server\node_modules\_egg-logrotator@3.1.0@egg-logrotator\app\schedule\rotate_by_file.js next time will execute after 30928392ms at 2020-01-10 00:00:01.000
2020-01-09 21:21:09,839 INFO 11496 [egg-schedule]: register schedule F:\project\Shopping\server\node_modules\_egg-multipart@2.10.1@egg-multipart\app\schedule\clean_tmpdir.js
2020-01-09 21:21:09,839 INFO 11496 [egg-schedule]: register schedule F:\project\Shopping\server\node_modules\_egg-logrotator@3.1.0@egg-logrotator\app\schedule\clean_log.js
2020-01-09 21:21:09,839 INFO 11496 [egg-schedule]: register schedule F:\project\Shopping\server\node_modules\_egg-logrotator@3.1.0@egg-logrotator\app\schedule\rotate_by_file.js
2020-01-09 21:21:10,257 INFO 11220 [egg-schedule]: register schedule F:\project\Shopping\server\node_modules\_egg-multipart@2.10.1@egg-multipart\app\schedule\clean_tmpdir.js
2020-01-09 21:21:10,257 INFO 11220 [egg-schedule]: register schedule F:\project\Shopping\server\node_modules\_egg-logrotator@3.1.0@egg-logrotator\app\schedule\clean_log.js
2020-01-09 21:21:10,257 INFO 11220 [egg-schedule]: register schedule F:\project\Shopping\server\node_modules\_egg-logrotator@3.1.0@egg-logrotator\app\schedule\rotate_by_file.js
2020-01-09 21:21:18,898 INFO 6448 [Timer] F:\project\Shopping\server\node_modules\_egg-multipart@2.10.1@egg-multipart\app\schedule\clean_tmpdir.js next time will execute after 25721104ms at 2020-01-10 04:30:00.002
2020-01-09 21:21:18,898 INFO 6448 [Timer] F:\project\Shopping\server\node_modules\_egg-logrotator@3.1.0@egg-logrotator\app\schedule\clean_log.js next time will execute after 9521102ms at 2020-01-10 00:00:00.000
2020-01-09 21:21:18,898 INFO 6448 [Timer] F:\project\Shopping\server\node_modules\_egg-logrotator@3.1.0@egg-logrotator\app\schedule\rotate_by_file.js next time will execute after 9522102ms at 2020-01-10 00:00:01.000
2020-01-09 21:21:19,819 INFO 3660 [egg-schedule]: register schedule F:\project\Shopping\server\node_modules\_egg-multipart@2.10.1@egg-multipart\app\schedule\clean_tmpdir.js
2020-01-09 21:21:19,819 INFO 3660 [egg-schedule]: register schedule F:\project\Shopping\server\node_modules\_egg-logrotator@3.1.0@egg-logrotator\app\schedule\clean_log.js
2020-01-09 21:21:19,819 INFO 3660 [egg-schedule]: register schedule F:\project\Shopping\server\node_modules\_egg-logrotator@3.1.0@egg-logrotator\app\schedule\rotate_by_file.js
2020-01-09 21:21:21,463 INFO 14044 [egg-schedule]: register schedule F:\project\Shopping\server\node_modules\_egg-multipart@2.10.1@egg-multipart\app\schedule\clean_tmpdir.js
2020-01-09 21:21:21,463 INFO 14044 [egg-schedule]: register schedule F:\project\Shopping\server\node_modules\_egg-logrotator@3.1.0@egg-logrotator\app\schedule\clean_log.js
2020-01-09 21:21:21,463 INFO 14044 [egg-schedule]: register schedule F:\project\Shopping\server\node_modules\_egg-logrotator@3.1.0@egg-logrotator\app\schedule\rotate_by_file.js
2020-01-10 08:16:42,800 INFO 9888 [egg-schedule]: register schedule E:\project\finish\shop\server\node_modules\_egg-multipart@2.10.1@egg-multipart\app\schedule\clean_tmpdir.js
2020-01-10 08:16:42,800 INFO 9888 [egg-schedule]: register schedule E:\project\finish\shop\server\node_modules\_egg-logrotator@3.1.0@egg-logrotator\app\schedule\clean_log.js
2020-01-10 08:16:42,800 INFO 9888 [egg-schedule]: register schedule E:\project\finish\shop\server\node_modules\_egg-logrotator@3.1.0@egg-logrotator\app\schedule\rotate_by_file.js
2020-01-10 08:16:49,783 INFO 9112 [Timer] E:\project\finish\shop\server\node_modules\_egg-multipart@2.10.1@egg-multipart\app\schedule\clean_tmpdir.js next time will execute after 72790221ms at 2020-01-11 04:30:00.004
2020-01-10 08:16:49,784 INFO 9112 [Timer] E:\project\finish\shop\server\node_modules\_egg-logrotator@3.1.0@egg-logrotator\app\schedule\clean_log.js next time will execute after 56590216ms at 2020-01-11 00:00:00.000
2020-01-10 08:16:49,786 INFO 9112 [Timer] E:\project\finish\shop\server\node_modules\_egg-logrotator@3.1.0@egg-logrotator\app\schedule\rotate_by_file.js next time will execute after 56591216ms at 2020-01-11 00:00:01.002
2020-01-10 09:22:30,958 INFO 9412 [egg-schedule]: register schedule E:\project\finish\shop\server\node_modules\_egg-multipart@2.10.1@egg-multipart\app\schedule\clean_tmpdir.js
2020-01-10 09:22:30,958 INFO 9412 [egg-schedule]: register schedule E:\project\finish\shop\server\node_modules\_egg-logrotator@3.1.0@egg-logrotator\app\schedule\clean_log.js
2020-01-10 09:22:30,958 INFO 9412 [egg-schedule]: register schedule E:\project\finish\shop\server\node_modules\_egg-logrotator@3.1.0@egg-logrotator\app\schedule\rotate_by_file.js
2020-01-10 09:22:36,084 INFO 10552 [Timer] E:\project\finish\shop\server\node_modules\_egg-multipart@2.10.1@egg-multipart\app\schedule\clean_tmpdir.js next time will execute after 68843920ms at 2020-01-11 04:30:00.004
2020-01-10 09:22:36,085 INFO 10552 [Timer] E:\project\finish\shop\server\node_modules\_egg-logrotator@3.1.0@egg-logrotator\app\schedule\clean_log.js next time will execute after 52643916ms at 2020-01-11 00:00:00.001
2020-01-10 09:22:36,085 INFO 10552 [Timer] E:\project\finish\shop\server\node_modules\_egg-logrotator@3.1.0@egg-logrotator\app\schedule\rotate_by_file.js next time will execute after 52644915ms at 2020-01-11 00:00:01.000
2020-01-10 21:15:54,313 INFO 12064 [egg-schedule]: register schedule F:\project\Shopping\server\node_modules\_egg-multipart@2.10.1@egg-multipart\app\schedule\clean_tmpdir.js
2020-01-10 21:15:54,313 INFO 12064 [egg-schedule]: register schedule F:\project\Shopping\server\node_modules\_egg-logrotator@3.1.0@egg-logrotator\app\schedule\clean_log.js
2020-01-10 21:15:54,313 INFO 12064 [egg-schedule]: register schedule F:\project\Shopping\server\node_modules\_egg-logrotator@3.1.0@egg-logrotator\app\schedule\rotate_by_file.js
2020-01-10 21:15:54,607 INFO 6512 [egg-schedule]: register schedule F:\project\Shopping\server\node_modules\_egg-multipart@2.10.1@egg-multipart\app\schedule\clean_tmpdir.js
2020-01-10 21:15:54,607 INFO 6512 [egg-schedule]: register schedule F:\project\Shopping\server\node_modules\_egg-logrotator@3.1.0@egg-logrotator\app\schedule\clean_log.js
2020-01-10 21:15:54,607 INFO 6512 [egg-schedule]: register schedule F:\project\Shopping\server\node_modules\_egg-logrotator@3.1.0@egg-logrotator\app\schedule\rotate_by_file.js
2020-01-10 21:16:06,216 INFO 3568 [Timer] F:\project\Shopping\server\node_modules\_egg-multipart@2.10.1@egg-multipart\app\schedule\clean_tmpdir.js next time will execute after 26033786ms at 2020-01-11 04:30:00.002
2020-01-10 21:16:06,216 INFO 3568 [Timer] F:\project\Shopping\server\node_modules\_egg-logrotator@3.1.0@egg-logrotator\app\schedule\clean_log.js next time will execute after 9833784ms at 2020-01-11 00:00:00.000
2020-01-10 21:16:06,216 INFO 3568 [Timer] F:\project\Shopping\server\node_modules\_egg-logrotator@3.1.0@egg-logrotator\app\schedule\rotate_by_file.js next time will execute after 9834784ms at 2020-01-11 00:00:01.000
2020-01-10 21:16:07,097 INFO 2868 [egg-schedule]: register schedule F:\project\Shopping\server\node_modules\_egg-multipart@2.10.1@egg-multipart\app\schedule\clean_tmpdir.js
2020-01-10 21:16:07,097 INFO 2868 [egg-schedule]: register schedule F:\project\Shopping\server\node_modules\_egg-logrotator@3.1.0@egg-logrotator\app\schedule\clean_log.js
2020-01-10 21:16:07,097 INFO 2868 [egg-schedule]: register schedule F:\project\Shopping\server\node_modules\_egg-logrotator@3.1.0@egg-logrotator\app\schedule\rotate_by_file.js
2020-01-10 21:16:08,481 INFO 17896 [egg-schedule]: register schedule F:\project\Shopping\server\node_modules\_egg-multipart@2.10.1@egg-multipart\app\schedule\clean_tmpdir.js
2020-01-10 21:16:08,481 INFO 17896 [egg-schedule]: register schedule F:\project\Shopping\server\node_modules\_egg-logrotator@3.1.0@egg-logrotator\app\schedule\clean_log.js
2020-01-10 21:16:08,481 INFO 17896 [egg-schedule]: register schedule F:\project\Shopping\server\node_modules\_egg-logrotator@3.1.0@egg-logrotator\app\schedule\rotate_by_file.js
2020-01-11 08:20:27,417 INFO 4756 [egg-schedule]: register schedule E:\project\finish\shop\server\node_modules\_egg-multipart@2.10.1@egg-multipart\app\schedule\clean_tmpdir.js
2020-01-11 08:20:27,417 INFO 4756 [egg-schedule]: register schedule E:\project\finish\shop\server\node_modules\_egg-logrotator@3.1.0@egg-logrotator\app\schedule\clean_log.js
2020-01-11 08:20:27,417 INFO 4756 [egg-schedule]: register schedule E:\project\finish\shop\server\node_modules\_egg-logrotator@3.1.0@egg-logrotator\app\schedule\rotate_by_file.js
2020-01-11 08:20:31,703 INFO 6416 [Timer] E:\project\finish\shop\server\node_modules\_egg-multipart@2.10.1@egg-multipart\app\schedule\clean_tmpdir.js next time will execute after 72568301ms at 2020-01-12 04:30:00.003
2020-01-11 08:20:31,703 INFO 6416 [Timer] E:\project\finish\shop\server\node_modules\_egg-logrotator@3.1.0@egg-logrotator\app\schedule\clean_log.js next time will execute after 56368297ms at 2020-01-12 00:00:00.000
2020-01-11 08:20:31,704 INFO 6416 [Timer] E:\project\finish\shop\server\node_modules\_egg-logrotator@3.1.0@egg-logrotator\app\schedule\rotate_by_file.js next time will execute after 56369297ms at 2020-01-12 00:00:01.001
2020-01-11 17:19:53,903 INFO 13052 [egg-schedule]: register schedule E:\project\finish\shop\server\node_modules\_egg-multipart@2.10.1@egg-multipart\app\schedule\clean_tmpdir.js
2020-01-11 17:19:53,903 INFO 13052 [egg-schedule]: register schedule E:\project\finish\shop\server\node_modules\_egg-logrotator@3.1.0@egg-logrotator\app\schedule\clean_log.js
2020-01-11 17:19:53,903 INFO 13052 [egg-schedule]: register schedule E:\project\finish\shop\server\node_modules\_egg-logrotator@3.1.0@egg-logrotator\app\schedule\rotate_by_file.js
2020-01-11 17:19:58,166 INFO 13196 [Timer] E:\project\finish\shop\server\node_modules\_egg-multipart@2.10.1@egg-multipart\app\schedule\clean_tmpdir.js next time will execute after 40201837ms at 2020-01-12 04:30:00.003
2020-01-11 17:19:58,167 INFO 13196 [Timer] E:\project\finish\shop\server\node_modules\_egg-logrotator@3.1.0@egg-logrotator\app\schedule\clean_log.js next time will execute after 24001833ms at 2020-01-12 00:00:00.000
2020-01-11 17:19:58,167 INFO 13196 [Timer] E:\project\finish\shop\server\node_modules\_egg-logrotator@3.1.0@egg-logrotator\app\schedule\rotate_by_file.js next time will execute after 24002833ms at 2020-01-12 00:00:01.000
2020-01-13 10:39:15,516 INFO 9232 [egg-schedule]: register schedule E:\project\finish\shop\server\node_modules\_egg-multipart@2.10.1@egg-multipart\app\schedule\clean_tmpdir.js
2020-01-13 10:39:15,516 INFO 9232 [egg-schedule]: register schedule E:\project\finish\shop\server\node_modules\_egg-logrotator@3.1.0@egg-logrotator\app\schedule\clean_log.js
2020-01-13 10:39:15,516 INFO 9232 [egg-schedule]: register schedule E:\project\finish\shop\server\node_modules\_egg-logrotator@3.1.0@egg-logrotator\app\schedule\rotate_by_file.js
2020-01-13 10:39:19,370 INFO 10052 [Timer] E:\project\finish\shop\server\node_modules\_egg-multipart@2.10.1@egg-multipart\app\schedule\clean_tmpdir.js next time will execute after 64240634ms at 2020-01-14 04:30:00.004
2020-01-13 10:39:19,371 INFO 10052 [Timer] E:\project\finish\shop\server\node_modules\_egg-logrotator@3.1.0@egg-logrotator\app\schedule\clean_log.js next time will execute after 48040629ms at 2020-01-14 00:00:00.000
2020-01-13 10:39:19,372 INFO 10052 [Timer] E:\project\finish\shop\server\node_modules\_egg-logrotator@3.1.0@egg-logrotator\app\schedule\rotate_by_file.js next time will execute after 48041629ms at 2020-01-14 00:00:01.001
2020-01-13 10:46:26,146 INFO 6604 [egg-schedule]: register schedule E:\project\finish\shop\server\node_modules\_egg-multipart@2.10.1@egg-multipart\app\schedule\clean_tmpdir.js
2020-01-13 10:46:26,146 INFO 6604 [egg-schedule]: register schedule E:\project\finish\shop\server\node_modules\_egg-logrotator@3.1.0@egg-logrotator\app\schedule\clean_log.js
2020-01-13 10:46:26,146 INFO 6604 [egg-schedule]: register schedule E:\project\finish\shop\server\node_modules\_egg-logrotator@3.1.0@egg-logrotator\app\schedule\rotate_by_file.js
2020-01-13 10:46:29,982 INFO 1796 [Timer] E:\project\finish\shop\server\node_modules\_egg-multipart@2.10.1@egg-multipart\app\schedule\clean_tmpdir.js next time will execute after 63810022ms at 2020-01-14 04:30:00.004
2020-01-13 10:46:29,983 INFO 1796 [Timer] E:\project\finish\shop\server\node_modules\_egg-logrotator@3.1.0@egg-logrotator\app\schedule\clean_log.js next time will execute after 47610018ms at 2020-01-14 00:00:00.000
2020-01-13 10:46:29,983 INFO 1796 [Timer] E:\project\finish\shop\server\node_modules\_egg-logrotator@3.1.0@egg-logrotator\app\schedule\rotate_by_file.js next time will execute after 47611017ms at 2020-01-14 00:00:01.000
2020-01-13 21:25:23,529 INFO 6840 [egg-schedule]: register schedule F:\project\Shopping\server\node_modules\_egg-multipart@2.10.1@egg-multipart\app\schedule\clean_tmpdir.js
2020-01-13 21:25:23,529 INFO 6840 [egg-schedule]: register schedule F:\project\Shopping\server\node_modules\_egg-logrotator@3.1.0@egg-logrotator\app\schedule\clean_log.js
2020-01-13 21:25:23,529 INFO 6840 [egg-schedule]: register schedule F:\project\Shopping\server\node_modules\_egg-logrotator@3.1.0@egg-logrotator\app\schedule\rotate_by_file.js
2020-01-13 21:25:23,649 INFO 2460 [egg-schedule]: register schedule F:\project\Shopping\server\node_modules\_egg-multipart@2.10.1@egg-multipart\app\schedule\clean_tmpdir.js
2020-01-13 21:25:23,649 INFO 2460 [egg-schedule]: register schedule F:\project\Shopping\server\node_modules\_egg-logrotator@3.1.0@egg-logrotator\app\schedule\clean_log.js
2020-01-13 21:25:23,649 INFO 2460 [egg-schedule]: register schedule F:\project\Shopping\server\node_modules\_egg-logrotator@3.1.0@egg-logrotator\app\schedule\rotate_by_file.js
2020-01-13 21:25:35,675 INFO 3304 [Timer] F:\project\Shopping\server\node_modules\_egg-multipart@2.10.1@egg-multipart\app\schedule\clean_tmpdir.js next time will execute after 25464327ms at 2020-01-14 04:30:00.002
2020-01-13 21:25:35,675 INFO 3304 [Timer] F:\project\Shopping\server\node_modules\_egg-logrotator@3.1.0@egg-logrotator\app\schedule\clean_log.js next time will execute after 9264325ms at 2020-01-14 00:00:00.000
2020-01-13 21:25:35,676 INFO 3304 [Timer] F:\project\Shopping\server\node_modules\_egg-logrotator@3.1.0@egg-logrotator\app\schedule\rotate_by_file.js next time will execute after 9265325ms at 2020-01-14 00:00:01.000
2020-01-13 21:25:36,381 INFO 11856 [egg-schedule]: register schedule F:\project\Shopping\server\node_modules\_egg-multipart@2.10.1@egg-multipart\app\schedule\clean_tmpdir.js
2020-01-13 21:25:36,381 INFO 11856 [egg-schedule]: register schedule F:\project\Shopping\server\node_modules\_egg-logrotator@3.1.0@egg-logrotator\app\schedule\clean_log.js
2020-01-13 21:25:36,381 INFO 11856 [egg-schedule]: register schedule F:\project\Shopping\server\node_modules\_egg-logrotator@3.1.0@egg-logrotator\app\schedule\rotate_by_file.js
2020-01-13 21:25:37,652 INFO 8652 [egg-schedule]: register schedule F:\project\Shopping\server\node_modules\_egg-multipart@2.10.1@egg-multipart\app\schedule\clean_tmpdir.js
2020-01-13 21:25:37,652 INFO 8652 [egg-schedule]: register schedule F:\project\Shopping\server\node_modules\_egg-logrotator@3.1.0@egg-logrotator\app\schedule\clean_log.js
2020-01-13 21:25:37,652 INFO 8652 [egg-schedule]: register schedule F:\project\Shopping\server\node_modules\_egg-logrotator@3.1.0@egg-logrotator\app\schedule\rotate_by_file.js
2020-02-01 16:02:47,236 INFO 7244 [egg-schedule]: register schedule F:\project\Shopping\server\node_modules\_egg-multipart@2.10.1@egg-multipart\app\schedule\clean_tmpdir.js
2020-02-01 16:02:47,236 INFO 7244 [egg-schedule]: register schedule F:\project\Shopping\server\node_modules\_egg-logrotator@3.1.0@egg-logrotator\app\schedule\clean_log.js
2020-02-01 16:02:47,236 INFO 7244 [egg-schedule]: register schedule F:\project\Shopping\server\node_modules\_egg-logrotator@3.1.0@egg-logrotator\app\schedule\rotate_by_file.js
2020-02-01 16:02:56,497 INFO 7104 [Timer] F:\project\Shopping\server\node_modules\_egg-multipart@2.10.1@egg-multipart\app\schedule\clean_tmpdir.js next time will execute after 44823506ms at 2020-02-02 04:30:00.003
2020-02-01 16:02:56,497 INFO 7104 [Timer] F:\project\Shopping\server\node_modules\_egg-logrotator@3.1.0@egg-logrotator\app\schedule\clean_log.js next time will execute after 28623503ms at 2020-02-02 00:00:00.000
2020-02-01 16:02:56,498 INFO 7104 [Timer] F:\project\Shopping\server\node_modules\_egg-logrotator@3.1.0@egg-logrotator\app\schedule\rotate_by_file.js next time will execute after 28624503ms at 2020-02-02 00:00:01.001
2020-06-08 13:29:06,174 INFO 8628 [egg-schedule]: register schedule C:\Users\Administrator\Desktop\Shopping\server\node_modules\_egg-multipart@2.10.3@egg-multipart\app\schedule\clean_tmpdir.js
2020-06-08 13:29:06,174 INFO 8628 [egg-schedule]: register schedule C:\Users\Administrator\Desktop\Shopping\server\node_modules\_egg-logrotator@3.1.0@egg-logrotator\app\schedule\clean_log.js
2020-06-08 13:29:06,174 INFO 8628 [egg-schedule]: register schedule C:\Users\Administrator\Desktop\Shopping\server\node_modules\_egg-logrotator@3.1.0@egg-logrotator\app\schedule\rotate_by_file.js
2020-06-08 13:29:06,813 INFO 7316 [Timer] C:\Users\Administrator\Desktop\Shopping\server\node_modules\_egg-multipart@2.10.3@egg-multipart\app\schedule\clean_tmpdir.js next time will execute after 54053189ms at 2020-06-09 04:30:00.002
2020-06-08 13:29:06,813 INFO 7316 [Timer] C:\Users\Administrator\Desktop\Shopping\server\node_modules\_egg-logrotator@3.1.0@egg-logrotator\app\schedule\clean_log.js next time will execute after 37853187ms at 2020-06-09 00:00:00.000
2020-06-08 13:29:06,813 INFO 7316 [Timer] C:\Users\Administrator\Desktop\Shopping\server\node_modules\_egg-logrotator@3.1.0@egg-logrotator\app\schedule\rotate_by_file.js next time will execute after 37854187ms at 2020-06-09 00:00:01.000
2020-06-08 16:21:50,730 INFO 10468 [egg-schedule]: register schedule C:\Users\Administrator\Desktop\Shopping\server\node_modules\_egg-multipart@2.10.3@egg-multipart\app\schedule\clean_tmpdir.js
2020-06-08 16:21:50,730 INFO 10468 [egg-schedule]: register schedule C:\Users\Administrator\Desktop\Shopping\server\node_modules\_egg-logrotator@3.1.0@egg-logrotator\app\schedule\clean_log.js
2020-06-08 16:21:50,730 INFO 10468 [egg-schedule]: register schedule C:\Users\Administrator\Desktop\Shopping\server\node_modules\_egg-logrotator@3.1.0@egg-logrotator\app\schedule\rotate_by_file.js
2020-06-08 16:22:01,384 INFO 10776 [Timer] C:\Users\Administrator\Desktop\Shopping\server\node_modules\_egg-multipart@2.10.3@egg-multipart\app\schedule\clean_tmpdir.js next time will execute after 43678618ms at 2020-06-09 04:30:00.002
2020-06-08 16:22:01,384 INFO 10776 [Timer] C:\Users\Administrator\Desktop\Shopping\server\node_modules\_egg-logrotator@3.1.0@egg-logrotator\app\schedule\clean_log.js next time will execute after 27478616ms at 2020-06-09 00:00:00.000
2020-06-08 16:22:01,384 INFO 10776 [Timer] C:\Users\Administrator\Desktop\Shopping\server\node_modules\_egg-logrotator@3.1.0@egg-logrotator\app\schedule\rotate_by_file.js next time will execute after 27479616ms at 2020-06-09 00:00:01.000
2020-06-08 16:22:00,764 INFO 9212 [egg-schedule]: register schedule C:\Users\Administrator\Desktop\Shopping\server\node_modules\_egg-multipart@2.10.3@egg-multipart\app\schedule\clean_tmpdir.js
2020-06-08 16:22:00,764 INFO 9212 [egg-schedule]: register schedule C:\Users\Administrator\Desktop\Shopping\server\node_modules\_egg-logrotator@3.1.0@egg-logrotator\app\schedule\clean_log.js
2020-06-08 16:22:00,764 INFO 9212 [egg-schedule]: register schedule C:\Users\Administrator\Desktop\Shopping\server\node_modules\_egg-logrotator@3.1.0@egg-logrotator\app\schedule\rotate_by_file.js
2020-06-17 17:04:01,710 INFO 7592 [Timer] C:\Users\Administrator\Desktop\Shopping\项目资料\server\node_modules\_egg-multipart@2.10.3@egg-multipart\app\schedule\clean_tmpdir.js next time will execute after 41158292ms at 2020-06-18 04:30:00.002
2020-06-17 17:04:01,711 INFO 7592 [Timer] C:\Users\Administrator\Desktop\Shopping\项目资料\server\node_modules\_egg-logrotator@3.1.0@egg-logrotator\app\schedule\clean_log.js next time will execute after 24958289ms at 2020-06-18 00:00:00.000
2020-06-17 17:04:01,711 INFO 7592 [Timer] C:\Users\Administrator\Desktop\Shopping\项目资料\server\node_modules\_egg-logrotator@3.1.0@egg-logrotator\app\schedule\rotate_by_file.js next time will execute after 24959289ms at 2020-06-18 00:00:01.000
2020-06-17 17:04:00,957 INFO 10840 [egg-schedule]: register schedule C:\Users\Administrator\Desktop\Shopping\项目资料\server\node_modules\_egg-multipart@2.10.3@egg-multipart\app\schedule\clean_tmpdir.js
2020-06-17 17:04:00,957 INFO 10840 [egg-schedule]: register schedule C:\Users\Administrator\Desktop\Shopping\项目资料\server\node_modules\_egg-logrotator@3.1.0@egg-logrotator\app\schedule\clean_log.js
2020-06-17 17:04:00,957 INFO 10840 [egg-schedule]: register schedule C:\Users\Administrator\Desktop\Shopping\项目资料\server\node_modules\_egg-logrotator@3.1.0@egg-logrotator\app\schedule\rotate_by_file.js
2020-07-20 15:24:51,564 INFO 3620 [egg-schedule]: register schedule C:\Users\zhao\Desktop\shangcheng\server\node_modules\_egg-multipart@2.10.3@egg-multipart\app\schedule\clean_tmpdir.js
2020-07-20 15:24:51,564 INFO 3620 [egg-schedule]: register schedule C:\Users\zhao\Desktop\shangcheng\server\node_modules\_egg-logrotator@3.1.0@egg-logrotator\app\schedule\clean_log.js
2020-07-20 15:24:51,564 INFO 3620 [egg-schedule]: register schedule C:\Users\zhao\Desktop\shangcheng\server\node_modules\_egg-logrotator@3.1.0@egg-logrotator\app\schedule\rotate_by_file.js
2020-07-20 15:24:56,331 INFO 7580 [Timer] C:\Users\zhao\Desktop\shangcheng\server\node_modules\_egg-multipart@2.10.3@egg-multipart\app\schedule\clean_tmpdir.js next time will execute after 47103672ms at 2020-07-21 04:30:00.003
2020-07-20 15:24:56,331 INFO 7580 [Timer] C:\Users\zhao\Desktop\shangcheng\server\node_modules\_egg-logrotator@3.1.0@egg-logrotator\app\schedule\clean_log.js next time will execute after 30903669ms at 2020-07-21 00:00:00.000
2020-07-20 15:24:56,332 INFO 7580 [Timer] C:\Users\zhao\Desktop\shangcheng\server\node_modules\_egg-logrotator@3.1.0@egg-logrotator\app\schedule\rotate_by_file.js next time will execute after 30904669ms at 2020-07-21 00:00:01.001
2020-07-20 15:39:56,284 INFO 5408 [egg-schedule]: register schedule C:\Users\zhao\Desktop\shangcheng\server\node_modules\_egg-multipart@2.10.3@egg-multipart\app\schedule\clean_tmpdir.js
2020-07-20 15:39:56,284 INFO 5408 [egg-schedule]: register schedule C:\Users\zhao\Desktop\shangcheng\server\node_modules\_egg-logrotator@3.1.0@egg-logrotator\app\schedule\clean_log.js
2020-07-20 15:39:56,284 INFO 5408 [egg-schedule]: register schedule C:\Users\zhao\Desktop\shangcheng\server\node_modules\_egg-logrotator@3.1.0@egg-logrotator\app\schedule\rotate_by_file.js
2020-07-20 15:40:07,845 INFO 6168 [Timer] C:\Users\zhao\Desktop\shangcheng\server\node_modules\_egg-multipart@2.10.3@egg-multipart\app\schedule\clean_tmpdir.js next time will execute after 46192176ms at 2020-07-21 04:30:00.021
2020-07-20 15:40:07,846 INFO 6168 [Timer] C:\Users\zhao\Desktop\shangcheng\server\node_modules\_egg-logrotator@3.1.0@egg-logrotator\app\schedule\clean_log.js next time will execute after 29992155ms at 2020-07-21 00:00:00.001
2020-07-20 15:40:07,846 INFO 6168 [Timer] C:\Users\zhao\Desktop\shangcheng\server\node_modules\_egg-logrotator@3.1.0@egg-logrotator\app\schedule\rotate_by_file.js next time will execute after 29993154ms at 2020-07-21 00:00:01.000
2020-07-20 16:47:11,203 INFO 12916 [egg-schedule]: register schedule C:\Users\zhao\Desktop\shangcheng\server\node_modules\_egg-multipart@2.10.3@egg-multipart\app\schedule\clean_tmpdir.js
2020-07-20 16:47:11,203 INFO 12916 [egg-schedule]: register schedule C:\Users\zhao\Desktop\shangcheng\server\node_modules\_egg-logrotator@3.1.0@egg-logrotator\app\schedule\clean_log.js
2020-07-20 16:47:11,203 INFO 12916 [egg-schedule]: register schedule C:\Users\zhao\Desktop\shangcheng\server\node_modules\_egg-logrotator@3.1.0@egg-logrotator\app\schedule\rotate_by_file.js
2020-07-20 16:47:18,184 INFO 2096 [Timer] C:\Users\zhao\Desktop\shangcheng\server\node_modules\_egg-multipart@2.10.3@egg-multipart\app\schedule\clean_tmpdir.js next time will execute after 42161819ms at 2020-07-21 04:30:00.003
2020-07-20 16:47:18,184 INFO 2096 [Timer] C:\Users\zhao\Desktop\shangcheng\server\node_modules\_egg-logrotator@3.1.0@egg-logrotator\app\schedule\clean_log.js next time will execute after 25961816ms at 2020-07-21 00:00:00.000
2020-07-20 16:47:18,185 INFO 2096 [Timer] C:\Users\zhao\Desktop\shangcheng\server\node_modules\_egg-logrotator@3.1.0@egg-logrotator\app\schedule\rotate_by_file.js next time will execute after 25962816ms at 2020-07-21 00:00:01.001
2020-07-20 16:49:34,119 INFO 11704 [Timer] C:\Users\zhao\Desktop\shangcheng\server\node_modules\_egg-multipart@2.10.3@egg-multipart\app\schedule\clean_tmpdir.js next time will execute after 42025884ms at 2020-07-21 04:30:00.003
2020-07-20 16:49:34,119 INFO 11704 [Timer] C:\Users\zhao\Desktop\shangcheng\server\node_modules\_egg-logrotator@3.1.0@egg-logrotator\app\schedule\clean_log.js next time will execute after 25825881ms at 2020-07-21 00:00:00.000
2020-07-20 16:49:34,119 INFO 11704 [Timer] C:\Users\zhao\Desktop\shangcheng\server\node_modules\_egg-logrotator@3.1.0@egg-logrotator\app\schedule\rotate_by_file.js next time will execute after 25826881ms at 2020-07-21 00:00:01.000
2020-07-20 16:49:33,273 INFO 7172 [egg-schedule]: register schedule C:\Users\zhao\Desktop\shangcheng\server\node_modules\_egg-multipart@2.10.3@egg-multipart\app\schedule\clean_tmpdir.js
2020-07-20 16:49:33,273 INFO 7172 [egg-schedule]: register schedule C:\Users\zhao\Desktop\shangcheng\server\node_modules\_egg-logrotator@3.1.0@egg-logrotator\app\schedule\clean_log.js
2020-07-20 16:49:33,273 INFO 7172 [egg-schedule]: register schedule C:\Users\zhao\Desktop\shangcheng\server\node_modules\_egg-logrotator@3.1.0@egg-logrotator\app\schedule\rotate_by_file.js
2020-07-20 17:37:16,590 INFO 2052 [egg-schedule]: register schedule C:\Users\zhao\Desktop\shangcheng\server\node_modules\_egg-multipart@2.10.3@egg-multipart\app\schedule\clean_tmpdir.js
2020-07-20 17:37:16,590 INFO 2052 [egg-schedule]: register schedule C:\Users\zhao\Desktop\shangcheng\server\node_modules\_egg-logrotator@3.1.0@egg-logrotator\app\schedule\clean_log.js
2020-07-20 17:37:16,590 INFO 2052 [egg-schedule]: register schedule C:\Users\zhao\Desktop\shangcheng\server\node_modules\_egg-logrotator@3.1.0@egg-logrotator\app\schedule\rotate_by_file.js
2020-07-20 17:37:28,244 INFO 8652 [Timer] C:\Users\zhao\Desktop\shangcheng\server\node_modules\_egg-multipart@2.10.3@egg-multipart\app\schedule\clean_tmpdir.js next time will execute after 39151765ms at 2020-07-21 04:30:00.009
2020-07-20 17:37:28,244 INFO 8652 [Timer] C:\Users\zhao\Desktop\shangcheng\server\node_modules\_egg-logrotator@3.1.0@egg-logrotator\app\schedule\clean_log.js next time will execute after 22951756ms at 2020-07-21 00:00:00.000
2020-07-20 17:37:28,245 INFO 8652 [Timer] C:\Users\zhao\Desktop\shangcheng\server\node_modules\_egg-logrotator@3.1.0@egg-logrotator\app\schedule\rotate_by_file.js next time will execute after 22952756ms at 2020-07-21 00:00:01.001
2020-07-20 18:34:40,331 INFO 11580 [egg-schedule]: register schedule C:\Users\Hansem\Desktop\shangcheng\server\node_modules\_egg-multipart@2.10.3@egg-multipart\app\schedule\clean_tmpdir.js
2020-07-20 18:34:40,331 INFO 11580 [egg-schedule]: register schedule C:\Users\Hansem\Desktop\shangcheng\server\node_modules\_egg-logrotator@3.1.0@egg-logrotator\app\schedule\clean_log.js
2020-07-20 18:34:40,331 INFO 11580 [egg-schedule]: register schedule C:\Users\Hansem\Desktop\shangcheng\server\node_modules\_egg-logrotator@3.1.0@egg-logrotator\app\schedule\rotate_by_file.js
2020-07-20 18:34:42,508 INFO 2988 [Timer] C:\Users\Hansem\Desktop\shangcheng\server\node_modules\_egg-multipart@2.10.3@egg-multipart\app\schedule\clean_tmpdir.js next time will execute after 35717498ms at 2020-07-21 04:30:00.006
2020-07-20 18:34:42,509 INFO 2988 [Timer] C:\Users\Hansem\Desktop\shangcheng\server\node_modules\_egg-logrotator@3.1.0@egg-logrotator\app\schedule\clean_log.js next time will execute after 19517492ms at 2020-07-21 00:00:00.001
2020-07-20 18:34:42,509 INFO 2988 [Timer] C:\Users\Hansem\Desktop\shangcheng\server\node_modules\_egg-logrotator@3.1.0@egg-logrotator\app\schedule\rotate_by_file.js next time will execute after 19518491ms at 2020-07-21 00:00:01.000
2020-07-21 08:19:47,578 INFO 5328 [egg-schedule]: register schedule C:\Users\Hansem\Desktop\shangcheng\server\node_modules\_egg-multipart@2.10.3@egg-multipart\app\schedule\clean_tmpdir.js
2020-07-21 08:19:47,578 INFO 5328 [egg-schedule]: register schedule C:\Users\Hansem\Desktop\shangcheng\server\node_modules\_egg-logrotator@3.1.0@egg-logrotator\app\schedule\clean_log.js
2020-07-21 08:19:47,578 INFO 5328 [egg-schedule]: register schedule C:\Users\Hansem\Desktop\shangcheng\server\node_modules\_egg-logrotator@3.1.0@egg-logrotator\app\schedule\rotate_by_file.js
2020-07-21 08:19:49,817 INFO 6056 [Timer] C:\Users\Hansem\Desktop\shangcheng\server\node_modules\_egg-multipart@2.10.3@egg-multipart\app\schedule\clean_tmpdir.js next time will execute after 72610186ms at 2020-07-22 04:30:00.003
2020-07-21 08:19:49,818 INFO 6056 [Timer] C:\Users\Hansem\Desktop\shangcheng\server\node_modules\_egg-logrotator@3.1.0@egg-logrotator\app\schedule\clean_log.js next time will execute after 56410182ms at 2020-07-22 00:00:00.000
2020-07-21 08:19:49,818 INFO 6056 [Timer] C:\Users\Hansem\Desktop\shangcheng\server\node_modules\_egg-logrotator@3.1.0@egg-logrotator\app\schedule\rotate_by_file.js next time will execute after 56411182ms at 2020-07-22 00:00:01.000
2020-07-21 08:19:50,618 INFO 10140 [egg-schedule]: register schedule C:\Users\Hansem\Desktop\shangcheng\server\node_modules\_egg-multipart@2.10.3@egg-multipart\app\schedule\clean_tmpdir.js
2020-07-21 08:19:50,618 INFO 10140 [egg-schedule]: register schedule C:\Users\Hansem\Desktop\shangcheng\server\node_modules\_egg-logrotator@3.1.0@egg-logrotator\app\schedule\clean_log.js
2020-07-21 08:19:50,618 INFO 10140 [egg-schedule]: register schedule C:\Users\Hansem\Desktop\shangcheng\server\node_modules\_egg-logrotator@3.1.0@egg-logrotator\app\schedule\rotate_by_file.js
2020-07-21 08:19:55,174 INFO 944 [egg-schedule]: register schedule C:\Users\Hansem\Desktop\shangcheng\server\node_modules\_egg-multipart@2.10.3@egg-multipart\app\schedule\clean_tmpdir.js
2020-07-21 08:19:55,174 INFO 944 [egg-schedule]: register schedule C:\Users\Hansem\Desktop\shangcheng\server\node_modules\_egg-logrotator@3.1.0@egg-logrotator\app\schedule\clean_log.js
2020-07-21 08:19:55,174 INFO 944 [egg-schedule]: register schedule C:\Users\Hansem\Desktop\shangcheng\server\node_modules\_egg-logrotator@3.1.0@egg-logrotator\app\schedule\rotate_by_file.js
2020-07-21 08:24:34,105 INFO 2200 [egg-schedule]: register schedule C:\Users\Hansem\Desktop\shangcheng\server\node_modules\_egg-multipart@2.10.3@egg-multipart\app\schedule\clean_tmpdir.js
2020-07-21 08:24:34,105 INFO 2200 [egg-schedule]: register schedule C:\Users\Hansem\Desktop\shangcheng\server\node_modules\_egg-logrotator@3.1.0@egg-logrotator\app\schedule\clean_log.js
2020-07-21 08:24:34,105 INFO 2200 [egg-schedule]: register schedule C:\Users\Hansem\Desktop\shangcheng\server\node_modules\_egg-logrotator@3.1.0@egg-logrotator\app\schedule\rotate_by_file.js
2020-07-21 08:41:03,042 INFO 10412 [egg-schedule]: register schedule C:\Users\Hansem\Desktop\shangcheng\server\node_modules\_egg-multipart@2.10.3@egg-multipart\app\schedule\clean_tmpdir.js
2020-07-21 08:41:03,042 INFO 10412 [egg-schedule]: register schedule C:\Users\Hansem\Desktop\shangcheng\server\node_modules\_egg-logrotator@3.1.0@egg-logrotator\app\schedule\clean_log.js
2020-07-21 08:41:03,042 INFO 10412 [egg-schedule]: register schedule C:\Users\Hansem\Desktop\shangcheng\server\node_modules\_egg-logrotator@3.1.0@egg-logrotator\app\schedule\rotate_by_file.js
2020-07-21 08:41:05,371 INFO 11232 [Timer] C:\Users\Hansem\Desktop\shangcheng\server\node_modules\_egg-multipart@2.10.3@egg-multipart\app\schedule\clean_tmpdir.js next time will execute after 71334632ms at 2020-07-22 04:30:00.003
2020-07-21 08:41:05,371 INFO 11232 [Timer] C:\Users\Hansem\Desktop\shangcheng\server\node_modules\_egg-logrotator@3.1.0@egg-logrotator\app\schedule\clean_log.js next time will execute after 55134629ms at 2020-07-22 00:00:00.000
2020-07-21 08:41:05,372 INFO 11232 [Timer] C:\Users\Hansem\Desktop\shangcheng\server\node_modules\_egg-logrotator@3.1.0@egg-logrotator\app\schedule\rotate_by_file.js next time will execute after 55135629ms at 2020-07-22 00:00:01.001
2020-07-21 09:37:02,802 INFO 2432 [egg-schedule]: register schedule C:\Users\Hansem\Desktop\shangcheng\server\node_modules\_egg-multipart@2.10.3@egg-multipart\app\schedule\clean_tmpdir.js
2020-07-21 09:37:02,802 INFO 2432 [egg-schedule]: register schedule C:\Users\Hansem\Desktop\shangcheng\server\node_modules\_egg-logrotator@3.1.0@egg-logrotator\app\schedule\clean_log.js
2020-07-21 09:37:02,802 INFO 2432 [egg-schedule]: register schedule C:\Users\Hansem\Desktop\shangcheng\server\node_modules\_egg-logrotator@3.1.0@egg-logrotator\app\schedule\rotate_by_file.js
2020-07-21 10:39:48,314 INFO 11648 [egg-schedule]: register schedule C:\Users\Hansem\Desktop\shangcheng\server\node_modules\_egg-multipart@2.10.3@egg-multipart\app\schedule\clean_tmpdir.js
2020-07-21 10:39:48,314 INFO 11648 [egg-schedule]: register schedule C:\Users\Hansem\Desktop\shangcheng\server\node_modules\_egg-logrotator@3.1.0@egg-logrotator\app\schedule\clean_log.js
2020-07-21 10:39:48,314 INFO 11648 [egg-schedule]: register schedule C:\Users\Hansem\Desktop\shangcheng\server\node_modules\_egg-logrotator@3.1.0@egg-logrotator\app\schedule\rotate_by_file.js
2020-07-21 10:39:56,587 INFO 9460 [egg-schedule]: register schedule C:\Users\Hansem\Desktop\shangcheng\server\node_modules\_egg-multipart@2.10.3@egg-multipart\app\schedule\clean_tmpdir.js
2020-07-21 10:39:56,587 INFO 9460 [egg-schedule]: register schedule C:\Users\Hansem\Desktop\shangcheng\server\node_modules\_egg-logrotator@3.1.0@egg-logrotator\app\schedule\clean_log.js
2020-07-21 10:39:56,587 INFO 9460 [egg-schedule]: register schedule C:\Users\Hansem\Desktop\shangcheng\server\node_modules\_egg-logrotator@3.1.0@egg-logrotator\app\schedule\rotate_by_file.js
2020-07-21 11:38:49,887 INFO 9324 [egg-schedule]: register schedule C:\Users\Hansem\Desktop\shangcheng\server\node_modules\_egg-multipart@2.10.3@egg-multipart\app\schedule\clean_tmpdir.js
2020-07-21 11:38:49,887 INFO 9324 [egg-schedule]: register schedule C:\Users\Hansem\Desktop\shangcheng\server\node_modules\_egg-logrotator@3.1.0@egg-logrotator\app\schedule\clean_log.js
2020-07-21 11:38:49,887 INFO 9324 [egg-schedule]: register schedule C:\Users\Hansem\Desktop\shangcheng\server\node_modules\_egg-logrotator@3.1.0@egg-logrotator\app\schedule\rotate_by_file.js
2020-07-21 12:09:18,056 INFO 6912 [egg-schedule]: register schedule C:\Users\Hansem\Desktop\shangcheng\server\node_modules\_egg-multipart@2.10.3@egg-multipart\app\schedule\clean_tmpdir.js
2020-07-21 12:09:18,056 INFO 6912 [egg-schedule]: register schedule C:\Users\Hansem\Desktop\shangcheng\server\node_modules\_egg-logrotator@3.1.0@egg-logrotator\app\schedule\clean_log.js
2020-07-21 12:09:18,056 INFO 6912 [egg-schedule]: register schedule C:\Users\Hansem\Desktop\shangcheng\server\node_modules\_egg-logrotator@3.1.0@egg-logrotator\app\schedule\rotate_by_file.js
2020-07-21 12:10:17,444 INFO 11400 [egg-schedule]: register schedule C:\Users\Hansem\Desktop\shangcheng\server\node_modules\_egg-multipart@2.10.3@egg-multipart\app\schedule\clean_tmpdir.js
2020-07-21 12:10:17,444 INFO 11400 [egg-schedule]: register schedule C:\Users\Hansem\Desktop\shangcheng\server\node_modules\_egg-logrotator@3.1.0@egg-logrotator\app\schedule\clean_log.js
2020-07-21 12:10:17,444 INFO 11400 [egg-schedule]: register schedule C:\Users\Hansem\Desktop\shangcheng\server\node_modules\_egg-logrotator@3.1.0@egg-logrotator\app\schedule\rotate_by_file.js
2020-07-21 12:11:02,726 INFO 9552 [egg-schedule]: register schedule C:\Users\Hansem\Desktop\shangcheng\server\node_modules\_egg-multipart@2.10.3@egg-multipart\app\schedule\clean_tmpdir.js
2020-07-21 12:11:02,726 INFO 9552 [egg-schedule]: register schedule C:\Users\Hansem\Desktop\shangcheng\server\node_modules\_egg-logrotator@3.1.0@egg-logrotator\app\schedule\clean_log.js
2020-07-21 12:11:02,726 INFO 9552 [egg-schedule]: register schedule C:\Users\Hansem\Desktop\shangcheng\server\node_modules\_egg-logrotator@3.1.0@egg-logrotator\app\schedule\rotate_by_file.js
2020-07-21 12:50:17,338 INFO 560 [egg-schedule]: register schedule C:\Users\Hansem\Desktop\shangcheng\server\node_modules\_egg-multipart@2.10.3@egg-multipart\app\schedule\clean_tmpdir.js
2020-07-21 12:50:17,338 INFO 560 [egg-schedule]: register schedule C:\Users\Hansem\Desktop\shangcheng\server\node_modules\_egg-logrotator@3.1.0@egg-logrotator\app\schedule\clean_log.js
2020-07-21 12:50:17,338 INFO 560 [egg-schedule]: register schedule C:\Users\Hansem\Desktop\shangcheng\server\node_modules\_egg-logrotator@3.1.0@egg-logrotator\app\schedule\rotate_by_file.js
2020-07-21 13:27:02,053 INFO 12156 [egg-schedule]: register schedule C:\Users\Hansem\Desktop\shangcheng\server\node_modules\_egg-multipart@2.10.3@egg-multipart\app\schedule\clean_tmpdir.js
2020-07-21 13:27:02,053 INFO 12156 [egg-schedule]: register schedule C:\Users\Hansem\Desktop\shangcheng\server\node_modules\_egg-logrotator@3.1.0@egg-logrotator\app\schedule\clean_log.js
2020-07-21 13:27:02,053 INFO 12156 [egg-schedule]: register schedule C:\Users\Hansem\Desktop\shangcheng\server\node_modules\_egg-logrotator@3.1.0@egg-logrotator\app\schedule\rotate_by_file.js
2020-07-21 13:27:07,395 INFO 8988 [egg-schedule]: register schedule C:\Users\Hansem\Desktop\shangcheng\server\node_modules\_egg-multipart@2.10.3@egg-multipart\app\schedule\clean_tmpdir.js
2020-07-21 13:27:07,395 INFO 8988 [egg-schedule]: register schedule C:\Users\Hansem\Desktop\shangcheng\server\node_modules\_egg-logrotator@3.1.0@egg-logrotator\app\schedule\clean_log.js
2020-07-21 13:27:07,396 INFO 8988 [egg-schedule]: register schedule C:\Users\Hansem\Desktop\shangcheng\server\node_modules\_egg-logrotator@3.1.0@egg-logrotator\app\schedule\rotate_by_file.js
2020-07-21 14:29:51,792 INFO 1724 [egg-schedule]: register schedule C:\Users\Hansem\Desktop\shangcheng\server\node_modules\_egg-multipart@2.10.3@egg-multipart\app\schedule\clean_tmpdir.js
2020-07-21 14:29:51,792 INFO 1724 [egg-schedule]: register schedule C:\Users\Hansem\Desktop\shangcheng\server\node_modules\_egg-logrotator@3.1.0@egg-logrotator\app\schedule\clean_log.js
2020-07-21 14:29:51,792 INFO 1724 [egg-schedule]: register schedule C:\Users\Hansem\Desktop\shangcheng\server\node_modules\_egg-logrotator@3.1.0@egg-logrotator\app\schedule\rotate_by_file.js
2020-07-21 14:29:58,978 INFO 9896 [egg-schedule]: register schedule C:\Users\Hansem\Desktop\shangcheng\server\node_modules\_egg-multipart@2.10.3@egg-multipart\app\schedule\clean_tmpdir.js
2020-07-21 14:29:58,978 INFO 9896 [egg-schedule]: register schedule C:\Users\Hansem\Desktop\shangcheng\server\node_modules\_egg-logrotator@3.1.0@egg-logrotator\app\schedule\clean_log.js
2020-07-21 14:29:58,978 INFO 9896 [egg-schedule]: register schedule C:\Users\Hansem\Desktop\shangcheng\server\node_modules\_egg-logrotator@3.1.0@egg-logrotator\app\schedule\rotate_by_file.js
2020-07-21 15:13:14,842 INFO 7120 [egg-schedule]: register schedule C:\Users\Hansem\Desktop\shangcheng\server\node_modules\_egg-multipart@2.10.3@egg-multipart\app\schedule\clean_tmpdir.js
2020-07-21 15:13:14,842 INFO 7120 [egg-schedule]: register schedule C:\Users\Hansem\Desktop\shangcheng\server\node_modules\_egg-logrotator@3.1.0@egg-logrotator\app\schedule\clean_log.js
2020-07-21 15:13:14,842 INFO 7120 [egg-schedule]: register schedule C:\Users\Hansem\Desktop\shangcheng\server\node_modules\_egg-logrotator@3.1.0@egg-logrotator\app\schedule\rotate_by_file.js
2020-07-21 15:25:57,240 INFO 2516 [egg-schedule]: register schedule C:\Users\Hansem\Desktop\shangcheng\server\node_modules\_egg-multipart@2.10.3@egg-multipart\app\schedule\clean_tmpdir.js
2020-07-21 15:25:57,240 INFO 2516 [egg-schedule]: register schedule C:\Users\Hansem\Desktop\shangcheng\server\node_modules\_egg-logrotator@3.1.0@egg-logrotator\app\schedule\clean_log.js
2020-07-21 15:25:57,240 INFO 2516 [egg-schedule]: register schedule C:\Users\Hansem\Desktop\shangcheng\server\node_modules\_egg-logrotator@3.1.0@egg-logrotator\app\schedule\rotate_by_file.js
2020-07-21 15:25:59,730 INFO 6932 [Timer] C:\Users\Hansem\Desktop\shangcheng\server\node_modules\_egg-multipart@2.10.3@egg-multipart\app\schedule\clean_tmpdir.js next time will execute after 47040273ms at 2020-07-22 04:30:00.003
2020-07-21 15:25:59,731 INFO 6932 [Timer] C:\Users\Hansem\Desktop\shangcheng\server\node_modules\_egg-logrotator@3.1.0@egg-logrotator\app\schedule\clean_log.js next time will execute after 30840269ms at 2020-07-22 00:00:00.000
2020-07-21 15:25:59,731 INFO 6932 [Timer] C:\Users\Hansem\Desktop\shangcheng\server\node_modules\_egg-logrotator@3.1.0@egg-logrotator\app\schedule\rotate_by_file.js next time will execute after 30841269ms at 2020-07-22 00:00:01.000
2020-07-21 15:33:04,844 INFO 9616 [egg-schedule]: register schedule C:\Users\Hansem\Desktop\shangcheng\server\node_modules\_egg-multipart@2.10.3@egg-multipart\app\schedule\clean_tmpdir.js
2020-07-21 15:33:04,844 INFO 9616 [egg-schedule]: register schedule C:\Users\Hansem\Desktop\shangcheng\server\node_modules\_egg-logrotator@3.1.0@egg-logrotator\app\schedule\clean_log.js
2020-07-21 15:33:04,844 INFO 9616 [egg-schedule]: register schedule C:\Users\Hansem\Desktop\shangcheng\server\node_modules\_egg-logrotator@3.1.0@egg-logrotator\app\schedule\rotate_by_file.js
2020-07-21 15:33:10,503 INFO 980 [egg-schedule]: register schedule C:\Users\Hansem\Desktop\shangcheng\server\node_modules\_egg-multipart@2.10.3@egg-multipart\app\schedule\clean_tmpdir.js
2020-07-21 15:33:10,503 INFO 980 [egg-schedule]: register schedule C:\Users\Hansem\Desktop\shangcheng\server\node_modules\_egg-logrotator@3.1.0@egg-logrotator\app\schedule\clean_log.js
2020-07-21 15:33:10,503 INFO 980 [egg-schedule]: register schedule C:\Users\Hansem\Desktop\shangcheng\server\node_modules\_egg-logrotator@3.1.0@egg-logrotator\app\schedule\rotate_by_file.js
2020-07-21 15:33:15,162 INFO 11104 [egg-schedule]: register schedule C:\Users\Hansem\Desktop\shangcheng\server\node_modules\_egg-multipart@2.10.3@egg-multipart\app\schedule\clean_tmpdir.js
2020-07-21 15:33:15,162 INFO 11104 [egg-schedule]: register schedule C:\Users\Hansem\Desktop\shangcheng\server\node_modules\_egg-logrotator@3.1.0@egg-logrotator\app\schedule\clean_log.js
2020-07-21 15:33:15,162 INFO 11104 [egg-schedule]: register schedule C:\Users\Hansem\Desktop\shangcheng\server\node_modules\_egg-logrotator@3.1.0@egg-logrotator\app\schedule\rotate_by_file.js
2020-07-21 15:57:36,288 INFO 4604 [egg-schedule]: register schedule C:\Users\Hansem\Desktop\shangcheng\server\node_modules\_egg-multipart@2.10.3@egg-multipart\app\schedule\clean_tmpdir.js
2020-07-21 15:57:36,288 INFO 4604 [egg-schedule]: register schedule C:\Users\Hansem\Desktop\shangcheng\server\node_modules\_egg-logrotator@3.1.0@egg-logrotator\app\schedule\clean_log.js
2020-07-21 15:57:36,288 INFO 4604 [egg-schedule]: register schedule C:\Users\Hansem\Desktop\shangcheng\server\node_modules\_egg-logrotator@3.1.0@egg-logrotator\app\schedule\rotate_by_file.js
2020-07-21 15:57:39,233 INFO 9308 [Timer] C:\Users\Hansem\Desktop\shangcheng\server\node_modules\_egg-multipart@2.10.3@egg-multipart\app\schedule\clean_tmpdir.js next time will execute after 45140772ms at 2020-07-22 04:30:00.005
2020-07-21 15:57:39,234 INFO 9308 [Timer] C:\Users\Hansem\Desktop\shangcheng\server\node_modules\_egg-logrotator@3.1.0@egg-logrotator\app\schedule\clean_log.js next time will execute after 28940767ms at 2020-07-22 00:00:00.000
2020-07-21 15:57:39,234 INFO 9308 [Timer] C:\Users\Hansem\Desktop\shangcheng\server\node_modules\_egg-logrotator@3.1.0@egg-logrotator\app\schedule\rotate_by_file.js next time will execute after 28941766ms at 2020-07-22 00:00:01.000
2020-07-21 16:50:34,526 INFO 8816 [egg-schedule]: register schedule C:\Users\Hansem\Desktop\shangcheng\server\node_modules\_egg-multipart@2.10.3@egg-multipart\app\schedule\clean_tmpdir.js
2020-07-21 16:50:34,526 INFO 8816 [egg-schedule]: register schedule C:\Users\Hansem\Desktop\shangcheng\server\node_modules\_egg-logrotator@3.1.0@egg-logrotator\app\schedule\clean_log.js
2020-07-21 16:50:34,526 INFO 8816 [egg-schedule]: register schedule C:\Users\Hansem\Desktop\shangcheng\server\node_modules\_egg-logrotator@3.1.0@egg-logrotator\app\schedule\rotate_by_file.js
2020-07-21 16:50:39,992 INFO 5892 [egg-schedule]: register schedule C:\Users\Hansem\Desktop\shangcheng\server\node_modules\_egg-multipart@2.10.3@egg-multipart\app\schedule\clean_tmpdir.js
2020-07-21 16:50:39,992 INFO 5892 [egg-schedule]: register schedule C:\Users\Hansem\Desktop\shangcheng\server\node_modules\_egg-logrotator@3.1.0@egg-logrotator\app\schedule\clean_log.js
2020-07-21 16:50:39,992 INFO 5892 [egg-schedule]: register schedule C:\Users\Hansem\Desktop\shangcheng\server\node_modules\_egg-logrotator@3.1.0@egg-logrotator\app\schedule\rotate_by_file.js
2020-07-21 16:50:44,957 INFO 12116 [egg-schedule]: register schedule C:\Users\Hansem\Desktop\shangcheng\server\node_modules\_egg-multipart@2.10.3@egg-multipart\app\schedule\clean_tmpdir.js
2020-07-21 16:50:44,957 INFO 12116 [egg-schedule]: register schedule C:\Users\Hansem\Desktop\shangcheng\server\node_modules\_egg-logrotator@3.1.0@egg-logrotator\app\schedule\clean_log.js
2020-07-21 16:50:44,957 INFO 12116 [egg-schedule]: register schedule C:\Users\Hansem\Desktop\shangcheng\server\node_modules\_egg-logrotator@3.1.0@egg-logrotator\app\schedule\rotate_by_file.js
2020-07-21 17:50:35,745 INFO 10148 [egg-schedule]: register schedule C:\Users\Hansem\Desktop\shangcheng\server\node_modules\_egg-multipart@2.10.3@egg-multipart\app\schedule\clean_tmpdir.js
2020-07-21 17:50:35,745 INFO 10148 [egg-schedule]: register schedule C:\Users\Hansem\Desktop\shangcheng\server\node_modules\_egg-logrotator@3.1.0@egg-logrotator\app\schedule\clean_log.js
2020-07-21 17:50:35,745 INFO 10148 [egg-schedule]: register schedule C:\Users\Hansem\Desktop\shangcheng\server\node_modules\_egg-logrotator@3.1.0@egg-logrotator\app\schedule\rotate_by_file.js
2020-07-21 17:50:41,922 INFO 6824 [egg-schedule]: register schedule C:\Users\Hansem\Desktop\shangcheng\server\node_modules\_egg-multipart@2.10.3@egg-multipart\app\schedule\clean_tmpdir.js
2020-07-21 17:50:41,922 INFO 6824 [egg-schedule]: register schedule C:\Users\Hansem\Desktop\shangcheng\server\node_modules\_egg-logrotator@3.1.0@egg-logrotator\app\schedule\clean_log.js
2020-07-21 17:50:41,922 INFO 6824 [egg-schedule]: register schedule C:\Users\Hansem\Desktop\shangcheng\server\node_modules\_egg-logrotator@3.1.0@egg-logrotator\app\schedule\rotate_by_file.js
2020-07-21 17:50:50,148 INFO 2212 [egg-schedule]: register schedule C:\Users\Hansem\Desktop\shangcheng\server\node_modules\_egg-multipart@2.10.3@egg-multipart\app\schedule\clean_tmpdir.js
2020-07-21 17:50:50,148 INFO 2212 [egg-schedule]: register schedule C:\Users\Hansem\Desktop\shangcheng\server\node_modules\_egg-logrotator@3.1.0@egg-logrotator\app\schedule\clean_log.js
2020-07-21 17:50:50,148 INFO 2212 [egg-schedule]: register schedule C:\Users\Hansem\Desktop\shangcheng\server\node_modules\_egg-logrotator@3.1.0@egg-logrotator\app\schedule\rotate_by_file.js
2020-07-21 18:56:05,750 INFO 1236 [egg-schedule]: register schedule C:\Users\Hansem\Desktop\shangcheng\server\node_modules\_egg-multipart@2.10.3@egg-multipart\app\schedule\clean_tmpdir.js
2020-07-21 18:56:05,750 INFO 1236 [egg-schedule]: register schedule C:\Users\Hansem\Desktop\shangcheng\server\node_modules\_egg-logrotator@3.1.0@egg-logrotator\app\schedule\clean_log.js
2020-07-21 18:56:05,750 INFO 1236 [egg-schedule]: register schedule C:\Users\Hansem\Desktop\shangcheng\server\node_modules\_egg-logrotator@3.1.0@egg-logrotator\app\schedule\rotate_by_file.js
2020-07-21 18:56:12,478 INFO 6332 [egg-schedule]: register schedule C:\Users\Hansem\Desktop\shangcheng\server\node_modules\_egg-multipart@2.10.3@egg-multipart\app\schedule\clean_tmpdir.js
2020-07-21 18:56:12,478 INFO 6332 [egg-schedule]: register schedule C:\Users\Hansem\Desktop\shangcheng\server\node_modules\_egg-logrotator@3.1.0@egg-logrotator\app\schedule\clean_log.js
2020-07-21 18:56:12,478 INFO 6332 [egg-schedule]: register schedule C:\Users\Hansem\Desktop\shangcheng\server\node_modules\_egg-logrotator@3.1.0@egg-logrotator\app\schedule\rotate_by_file.js
